2026-03-04 02:12:29,799 - basicLogger - INFO - Received event match_history with a trace id of 5f949955-4685-4376-a72f-e57a0c02bac4
2026-03-04 02:12:32,067 - basicLogger - INFO - Response for event match_history (id: 5f949955-4685-4376-a72f-e57a0c02bac4) has status 500
2026-03-04 02:12:35,875 - basicLogger - INFO - Received event match_history with a trace id of a8f6b000-fd5e-4ff3-af21-f67f5e6094e7
2026-03-04 02:12:38,105 - basicLogger - INFO - Response for event match_history (id: a8f6b000-fd5e-4ff3-af21-f67f5e6094e7) has status 500
2026-03-04 02:13:44,827 - basicLogger - INFO - Received event match_history with a trace id of fb91e635-d095-4964-867d-36ab4f708860
2026-03-04 02:13:47,027 - basicLogger - INFO - Response for event match_history (id: fb91e635-d095-4964-867d-36ab4f708860) has status 500
2026-03-04 02:13:52,754 - basicLogger - INFO - Received event match_history with a trace id of a4607e26-65f1-4256-bfa2-7e89b3348415
2026-03-04 02:13:55,009 - basicLogger - INFO - Response for event match_history (id: a4607e26-65f1-4256-bfa2-7e89b3348415) has status 500
2026-03-04 02:14:19,078 - basicLogger - INFO - Received event match_history with a trace id of d0b3da1d-ed74-4f6a-9e48-859d9fc363f6
2026-03-04 02:14:21,415 - basicLogger - INFO - Response for event match_history (id: d0b3da1d-ed74-4f6a-9e48-859d9fc363f6) has status 500
2026-03-04 02:14:57,429 - basicLogger - INFO - Received event match_history with a trace id of 0c5b1a73-84a6-42b4-a1d5-5d96334c72a0
2026-03-04 02:14:59,685 - basicLogger - INFO - Response for event match_history (id: 0c5b1a73-84a6-42b4-a1d5-5d96334c72a0) has status 201
2026-03-04 09:18:04,012 - basicLogger - INFO - Received event match_history with a trace id of 8a6ddb83-4d64-4153-9ae3-04ce592126d5
2026-03-04 09:18:04,106 - basicLogger - INFO - Received event match_history with a trace id of bcbe3e99-b0bb-4f17-84c5-275fb06c5314
2026-03-04 09:18:04,206 - basicLogger - INFO - Received event match_history with a trace id of 87a0f554-c263-40e8-969f-fc854177fc89
2026-03-04 09:18:04,305 - basicLogger - INFO - Received event match_history with a trace id of bdb72acc-59b8-491b-8f85-26cb54c0fa58
2026-03-04 09:18:04,405 - basicLogger - INFO - Received event match_history with a trace id of fcbe8192-6627-4f05-b52b-c859e495bca4
2026-03-04 09:18:04,507 - basicLogger - INFO - Received event match_history with a trace id of 8d80bc6f-e923-4a69-badc-3f901b4500d6
2026-03-04 09:18:04,605 - basicLogger - INFO - Received event match_history with a trace id of 63c8729e-8650-41a3-9213-fb4549a72131
2026-03-04 09:18:04,702 - basicLogger - INFO - Received event match_history with a trace id of a55d7f07-92a0-415c-843d-744c75c726a3
2026-03-04 09:18:04,805 - basicLogger - INFO - Received event match_history with a trace id of 977466bb-7f07-426d-8d99-e63c5394d8c9
2026-03-04 09:18:04,904 - basicLogger - INFO - Received event match_history with a trace id of 5ee69d1e-5bd6-4671-a461-4536a0ddbe0c
2026-03-04 09:18:18,788 - basicLogger - INFO - Response for event match_history (id: bcbe3e99-b0bb-4f17-84c5-275fb06c5314) has status 500
2026-03-04 09:18:18,796 - basicLogger - INFO - Received event champion_winrate with a trace id of 8ff8a74e-ee3b-4400-93b4-f21f1b1e544d
2026-03-04 09:18:18,799 - basicLogger - INFO - Response for event match_history (id: 8a6ddb83-4d64-4153-9ae3-04ce592126d5) has status 500
2026-03-04 09:18:18,821 - basicLogger - INFO - Received event champion_winrate with a trace id of 89e1d2b8-899b-4a95-acae-0a7074b91797
2026-03-04 09:18:18,823 - basicLogger - INFO - Response for event match_history (id: bdb72acc-59b8-491b-8f85-26cb54c0fa58) has status 500
2026-03-04 09:18:18,823 - basicLogger - INFO - Received event match_history with a trace id of e944715f-a10d-4a98-a5eb-5d7cd98d353f
2026-03-04 09:18:18,831 - basicLogger - INFO - Received event champion_winrate with a trace id of 1676d984-8893-4e8c-be87-bbc2ef005e8c
2026-03-04 09:18:18,838 - basicLogger - INFO - Received event match_history with a trace id of 6a57cb56-9387-4cb8-a48f-e9f20489e4c4
2026-03-04 09:18:18,848 - basicLogger - INFO - Received event match_history with a trace id of f969a0f9-f854-4779-a852-1df174acb142
2026-03-04 09:18:18,850 - basicLogger - INFO - Response for event match_history (id: fcbe8192-6627-4f05-b52b-c859e495bca4) has status 500
2026-03-04 09:18:18,858 - basicLogger - INFO - Received event champion_winrate with a trace id of 0284d93d-833e-4bf8-873d-23dd89c02351
2026-03-04 09:18:18,865 - basicLogger - INFO - Response for event match_history (id: 63c8729e-8650-41a3-9213-fb4549a72131) has status 500
2026-03-04 09:18:18,880 - basicLogger - INFO - Response for event match_history (id: 87a0f554-c263-40e8-969f-fc854177fc89) has status 500
2026-03-04 09:18:18,905 - basicLogger - INFO - Received event champion_winrate with a trace id of 5602205d-915a-485f-9fe9-30df547b1810
2026-03-04 09:18:18,907 - basicLogger - INFO - Received event champion_winrate with a trace id of 4ac1e0ff-e6f4-4f5b-8d70-3b530d8eedac
2026-03-04 09:18:18,940 - basicLogger - INFO - Received event match_history with a trace id of 56d9b422-5b54-4d73-a34e-4ff2972914ec
2026-03-04 09:18:18,976 - basicLogger - INFO - Response for event match_history (id: a55d7f07-92a0-415c-843d-744c75c726a3) has status 500
2026-03-04 09:18:18,993 - basicLogger - INFO - Received event match_history with a trace id of 17344f7e-fd15-476e-ae67-85811cd580dd
2026-03-04 09:18:18,999 - basicLogger - INFO - Received event match_history with a trace id of aadaa2d3-ceb0-4b44-b34c-5de8490ae073
2026-03-04 09:18:18,999 - basicLogger - INFO - Response for event match_history (id: 977466bb-7f07-426d-8d99-e63c5394d8c9) has status 500
2026-03-04 09:18:18,999 - basicLogger - INFO - Received event champion_winrate with a trace id of 4a626ef3-dda4-4f2d-bb8b-6eee624d68b3
2026-03-04 09:18:18,999 - basicLogger - INFO - Response for event match_history (id: 8d80bc6f-e923-4a69-badc-3f901b4500d6) has status 500
2026-03-04 09:18:19,005 - basicLogger - INFO - Response for event match_history (id: 5ee69d1e-5bd6-4671-a461-4536a0ddbe0c) has status 500
2026-03-04 09:18:19,027 - basicLogger - INFO - Received event champion_winrate with a trace id of 23e6f953-f975-4e3d-a8d3-4bf2a1ff5ab5
2026-03-04 09:18:19,039 - basicLogger - INFO - Received event champion_winrate with a trace id of 372e7db1-b5bf-41e6-b248-8c0762ef7c16
2026-03-04 09:18:19,039 - basicLogger - INFO - Received event champion_winrate with a trace id of 076c0bd6-48be-4311-8628-d39473a4c299
2026-03-04 09:18:19,039 - basicLogger - INFO - Received event match_history with a trace id of 010e830f-3b77-4ea6-ba47-40ff9194709a
2026-03-04 09:18:19,141 - basicLogger - INFO - Received event match_history with a trace id of 3bab52e7-b698-44be-9dfd-3d5f9dc4b909
2026-03-04 09:18:19,141 - basicLogger - INFO - Received event match_history with a trace id of 774ba0dc-b0ca-4550-8fee-44abfa499d83
2026-03-04 09:18:19,141 - basicLogger - INFO - Received event match_history with a trace id of 91f0e6af-d3c1-459d-b13c-089ee3cec4eb
2026-03-04 09:18:33,145 - basicLogger - INFO - Response for event match_history (id: e944715f-a10d-4a98-a5eb-5d7cd98d353f) has status 500
2026-03-04 09:18:33,193 - basicLogger - INFO - Response for event match_history (id: f969a0f9-f854-4779-a852-1df174acb142) has status 500
2026-03-04 09:18:33,232 - basicLogger - INFO - Response for event match_history (id: 6a57cb56-9387-4cb8-a48f-e9f20489e4c4) has status 500
2026-03-04 09:18:33,258 - basicLogger - INFO - Response for event match_history (id: 56d9b422-5b54-4d73-a34e-4ff2972914ec) has status 500
2026-03-04 09:18:33,279 - basicLogger - INFO - Response for event match_history (id: 17344f7e-fd15-476e-ae67-85811cd580dd) has status 500
2026-03-04 09:18:33,295 - basicLogger - INFO - Response for event match_history (id: aadaa2d3-ceb0-4b44-b34c-5de8490ae073) has status 500
2026-03-04 09:18:33,310 - basicLogger - INFO - Response for event match_history (id: 010e830f-3b77-4ea6-ba47-40ff9194709a) has status 500
2026-03-04 09:18:33,323 - basicLogger - INFO - Response for event match_history (id: 774ba0dc-b0ca-4550-8fee-44abfa499d83) has status 500
2026-03-04 09:18:33,351 - basicLogger - INFO - Response for event match_history (id: 3bab52e7-b698-44be-9dfd-3d5f9dc4b909) has status 500
2026-03-04 09:18:33,372 - basicLogger - INFO - Response for event match_history (id: 91f0e6af-d3c1-459d-b13c-089ee3cec4eb) has status 500
