2026-04-02 09:34:06,863 - basicLogger - INFO - Get request for match_history at index 0
2026-04-02 09:34:06,931 - basicLogger - INFO - Found match_history at index 0
2026-04-02 09:34:07,836 - basicLogger - INFO - Get request for match_history at index 0
2026-04-02 09:34:07,892 - basicLogger - INFO - Found match_history at index 0
2026-04-02 09:34:21,548 - basicLogger - INFO - Get request for champion_winrate at index 0
2026-04-02 09:34:21,604 - basicLogger - INFO - Found champion_winrate at index 0
2026-04-02 09:34:51,363 - basicLogger - INFO - Get request for stats
2026-04-02 09:34:52,424 - basicLogger - INFO - Sending stats
2026-04-02 09:45:36,708 - basicLogger - INFO - Get request for stats
2026-04-02 09:45:37,768 - basicLogger - INFO - Sending stats
2026-04-02 09:59:58,427 - basicLogger - INFO - Get request for stats
2026-04-02 09:59:59,491 - basicLogger - INFO - Sending stats
2026-04-02 10:00:09,947 - basicLogger - INFO - Get request for stats
2026-04-02 10:00:11,020 - basicLogger - INFO - Sending stats
2026-04-02 10:00:57,317 - basicLogger - INFO - Get request for stats
2026-04-02 10:00:58,375 - basicLogger - INFO - Sending stats
2026-04-02 10:01:00,003 - basicLogger - INFO - Get request for stats
2026-04-02 10:01:01,079 - basicLogger - INFO - Sending stats
2026-04-02 13:31:22,664 - basicLogger - INFO - Get request for stats
2026-04-02 13:31:23,737 - basicLogger - INFO - Sending stats
2026-04-02 13:31:39,288 - basicLogger - INFO - Get request for match_history at index 9999
2026-04-02 13:31:40,331 - basicLogger - INFO - No match_history event at index 9999
2026-04-02 14:36:39,911 - basicLogger - INFO - Get request for match_history at index 0
2026-04-02 14:36:39,966 - basicLogger - INFO - Found match_history at index 0
2026-04-02 14:36:41,543 - basicLogger - INFO - Get request for match_history at index 0
2026-04-02 14:36:41,601 - basicLogger - INFO - Found match_history at index 0
2026-04-02 14:36:53,386 - basicLogger - INFO - Get request for match_history at index 9999
2026-04-02 14:36:55,052 - basicLogger - INFO - No match_history event at index 9999
