2026-03-11 10:05:12,523 - basicLogger - DEBUG - Stored event champion_winrate with a trace id of 0b65d718-bf98-4eee-acd4-5570fc084089
2026-03-11 10:15:33,844 - basicLogger - DEBUG - Stored event champion_winrate with a trace id of fd3d0d24-7f35-4d11-a15c-65725afd7fee
2026-03-11 10:18:05,298 - basicLogger - DEBUG - Stored event champion_winrate with a trace id of 5e4c72f0-6a07-4658-bcdb-4aa662819993
2026-03-11 10:18:05,308 - basicLogger - DEBUG - Stored event champion_winrate with a trace id of b7ea6a37-00d2-4220-a1cd-1bede866ba0e
2026-03-11 10:18:05,325 - basicLogger - DEBUG - Stored event champion_winrate with a trace id of 031b2472-8283-4be9-aa70-34e5d3661250
2026-03-11 10:18:05,525 - basicLogger - DEBUG - Stored event champion_winrate with a trace id of 9f5b7955-3770-4e28-95d8-635d05a205d8
2026-03-11 10:18:05,608 - basicLogger - DEBUG - Stored event champion_winrate with a trace id of d54169bd-ff43-4134-b590-379ae55b5e09
2026-03-11 10:18:05,650 - basicLogger - DEBUG - Stored event champion_winrate with a trace id of 0f56c504-b023-455c-8125-633991a0bd5b
2026-03-11 10:18:05,705 - basicLogger - DEBUG - Stored event champion_winrate with a trace id of 1da50c01-df37-47bc-bb84-f44e115ec23a
2026-03-11 10:18:05,800 - basicLogger - DEBUG - Stored event champion_winrate with a trace id of 5f4ac802-7078-48d9-a68f-ad1039c41b99
2026-03-11 10:18:05,862 - basicLogger - DEBUG - Stored event champion_winrate with a trace id of 95444f81-4790-4d49-a664-30aba52f5f42
2026-03-11 10:18:05,882 - basicLogger - DEBUG - Stored event champion_winrate with a trace id of 5dff5e73-ca48-49ba-8f4c-ff180a6fca79
2026-03-11 10:18:11,616 - basicLogger - DEBUG - Stored event champion_winrate with a trace id of e86c2261-a20d-4a32-8942-1257ac1205de
2026-03-11 10:18:11,621 - basicLogger - DEBUG - Stored event champion_winrate with a trace id of fb12077c-dc5d-497c-b042-8b9e05adf864
2026-03-11 10:18:11,621 - basicLogger - DEBUG - Stored event champion_winrate with a trace id of 20b5e2b2-41a2-48e0-9646-334319b78e7a
2026-03-11 10:18:11,906 - basicLogger - DEBUG - Stored event champion_winrate with a trace id of 45e1f844-5d2c-4521-b11f-b86aaa291ac5
2026-03-11 10:18:11,910 - basicLogger - DEBUG - Stored event champion_winrate with a trace id of c4e389b0-27d2-44e2-a8c0-01819f58286f
2026-03-11 10:18:11,919 - basicLogger - DEBUG - Stored event champion_winrate with a trace id of 48c770d8-09f4-46bb-9f2f-cb15c7bcd5ae
2026-03-11 10:18:11,966 - basicLogger - DEBUG - Stored event champion_winrate with a trace id of 150fbd89-0abb-477f-b032-9c4d0feea0e7
2026-03-11 10:18:12,032 - basicLogger - DEBUG - Stored event champion_winrate with a trace id of 7deffb9d-f310-47cc-8714-592b5d8e0294
2026-03-11 10:18:12,098 - basicLogger - DEBUG - Stored event champion_winrate with a trace id of 832d14c8-86ce-417e-823f-ceb0437a76fa
2026-03-11 10:18:12,125 - basicLogger - DEBUG - Stored event champion_winrate with a trace id of c126c43f-3458-4163-9d0a-c8fbbe2e3d95
2026-03-11 10:18:17,858 - basicLogger - DEBUG - Stored event champion_winrate with a trace id of d83d7b0e-96b1-4763-bffa-088a6cd791f3
2026-03-11 10:18:17,867 - basicLogger - DEBUG - Stored event champion_winrate with a trace id of d98ef860-a059-4b15-89fa-a0e21f389f33
2026-03-11 10:18:17,877 - basicLogger - DEBUG - Stored event champion_winrate with a trace id of 98fb719a-00f9-45d2-8a77-cb70d85a65e0
2026-03-11 10:18:18,208 - basicLogger - DEBUG - Stored event champion_winrate with a trace id of fbb1b0ca-3a2a-4be9-afa4-2e9c325c7ddf
2026-03-11 10:18:18,212 - basicLogger - DEBUG - Stored event champion_winrate with a trace id of 35b3ce56-544e-4a79-9233-97d692b55885
2026-03-11 10:18:18,212 - basicLogger - DEBUG - Stored event champion_winrate with a trace id of 69009701-5b77-4b1e-b1f6-f89f5d741897
2026-03-11 10:18:18,268 - basicLogger - DEBUG - Stored event champion_winrate with a trace id of 74f38a45-43ff-4ae1-9011-d668b0070298
2026-03-11 10:18:18,302 - basicLogger - DEBUG - Stored event champion_winrate with a trace id of 750e69ef-4b34-43cb-a753-946534f61f8b
2026-03-11 10:18:18,347 - basicLogger - DEBUG - Stored event champion_winrate with a trace id of 1b8d6ac4-f3f8-4b38-ad27-c4afc72067e7
2026-03-11 10:18:18,351 - basicLogger - DEBUG - Stored event champion_winrate with a trace id of 2785d32a-5f78-4bdd-ae10-ea4015635476
2026-03-11 10:18:24,132 - basicLogger - DEBUG - Stored event champion_winrate with a trace id of 7c3c0c8b-ea20-4220-a93d-704a9571cb9c
2026-03-11 10:18:24,146 - basicLogger - DEBUG - Stored event champion_winrate with a trace id of b2c22052-41e8-403f-b5e8-8dd6fe06ddc4
2026-03-11 10:18:24,165 - basicLogger - DEBUG - Stored event champion_winrate with a trace id of bae6e739-84d0-4ba5-a59b-7ff7bb78640a
2026-03-11 10:18:24,515 - basicLogger - DEBUG - Stored event champion_winrate with a trace id of b8616300-049b-4fda-8a2e-cf88fbff7768
2026-03-11 10:18:24,560 - basicLogger - DEBUG - Stored event champion_winrate with a trace id of 5ecdbbeb-cef0-4219-ad9b-dab482c53341
2026-03-11 10:18:24,571 - basicLogger - DEBUG - Stored event champion_winrate with a trace id of 15b0d605-b090-4d79-90dc-1e76f19ff5e8
2026-03-11 10:18:24,665 - basicLogger - DEBUG - Stored event champion_winrate with a trace id of c2d8de69-0343-4afe-b1a9-a69f956461de
2026-03-11 10:18:24,671 - basicLogger - DEBUG - Stored event champion_winrate with a trace id of 948af0fd-3d57-49db-889a-8c66dd1b3c26
2026-03-11 10:18:24,677 - basicLogger - DEBUG - Stored event champion_winrate with a trace id of 0b4ef63a-84c5-4ebd-aea3-5cb4410da3fd
2026-03-11 10:18:24,734 - basicLogger - DEBUG - Stored event champion_winrate with a trace id of c68d48e6-7704-45e3-b881-b72ff86fbc33
2026-03-11 10:18:30,402 - basicLogger - DEBUG - Stored event champion_winrate with a trace id of 23c99757-c74a-4f1d-9ecd-0fe4ef3ed43f
2026-03-11 10:18:30,406 - basicLogger - DEBUG - Stored event champion_winrate with a trace id of 808a306f-64f3-4fbb-b75c-2cffbecce357
2026-03-11 10:18:30,464 - basicLogger - DEBUG - Stored event champion_winrate with a trace id of 7cde3c97-8603-4d36-99db-ec55a2728a51
2026-03-11 10:18:30,869 - basicLogger - DEBUG - Stored event champion_winrate with a trace id of 0d866562-88f4-467d-b6f8-c76ba86d79d4
2026-03-11 10:18:30,874 - basicLogger - DEBUG - Stored event champion_winrate with a trace id of ce14f2fc-ad2e-4e7b-864d-d15ada731fb7
2026-03-11 10:18:30,909 - basicLogger - DEBUG - Stored event champion_winrate with a trace id of aafe6206-7b6e-45ad-8db4-e62d06d26817
2026-03-11 10:18:30,939 - basicLogger - DEBUG - Stored event champion_winrate with a trace id of 1fe6d66a-0252-4866-bac0-191c3f276a39
2026-03-11 10:18:30,956 - basicLogger - DEBUG - Stored event champion_winrate with a trace id of dc17059d-e54a-4be6-b7f8-b687f18c5b2c
2026-03-11 10:18:30,977 - basicLogger - DEBUG - Stored event champion_winrate with a trace id of 84af7eca-6020-4732-b2cb-f32a1f0c4872
2026-03-11 10:18:30,982 - basicLogger - DEBUG - Stored event champion_winrate with a trace id of 96513175-ddd5-4f66-9f98-39888a2a5ad1
2026-03-11 10:18:36,520 - basicLogger - DEBUG - Stored event champion_winrate with a trace id of 623f0aa8-5eea-49e3-a89f-3abd5a47a8fb
2026-03-11 10:18:36,524 - basicLogger - DEBUG - Stored event champion_winrate with a trace id of 7ed83dff-1798-408a-86c0-a116231a0b99
2026-03-11 10:18:36,525 - basicLogger - DEBUG - Stored event champion_winrate with a trace id of c17e8249-fc7c-4610-9fa5-a72efa6d7242
2026-03-11 10:18:36,976 - basicLogger - DEBUG - Stored event champion_winrate with a trace id of f40a6409-6459-4517-87d3-f1e225c96596
2026-03-11 10:18:37,008 - basicLogger - DEBUG - Stored event champion_winrate with a trace id of 6a54d19c-d006-4984-b13b-0dd1c5c0847b
2026-03-11 10:18:37,043 - basicLogger - DEBUG - Stored event champion_winrate with a trace id of 7b4f3a1b-f3c1-4ba0-a4bf-5bf21295ddfd
2026-03-11 10:18:37,046 - basicLogger - DEBUG - Stored event champion_winrate with a trace id of 1eac7a12-8b74-4749-8920-a77a15c47c33
2026-03-11 10:18:37,047 - basicLogger - DEBUG - Stored event champion_winrate with a trace id of 31fbc587-a4b7-42cc-8883-61219646cf0e
2026-03-11 10:18:37,047 - basicLogger - DEBUG - Stored event champion_winrate with a trace id of 1efadf0a-4d38-4c6f-9555-06b840ef0ddf
2026-03-11 10:18:37,067 - basicLogger - DEBUG - Stored event champion_winrate with a trace id of 98207ce4-2d73-473f-a9da-04d5ce0de3ed
2026-03-11 10:18:42,620 - basicLogger - DEBUG - Stored event champion_winrate with a trace id of 27537b04-0520-43f2-858b-66d37ac3eeba
2026-03-11 10:18:42,625 - basicLogger - DEBUG - Stored event champion_winrate with a trace id of a1e1c629-71a3-4f99-aae3-a9a277f4d3c5
2026-03-11 10:18:42,656 - basicLogger - DEBUG - Stored event champion_winrate with a trace id of 77bbb67b-0e6f-453b-8f96-d71d4db75cf7
2026-03-11 10:18:43,076 - basicLogger - DEBUG - Stored event champion_winrate with a trace id of 1618244d-f7b2-46dc-89da-fb1eb933345e
2026-03-11 10:18:43,079 - basicLogger - DEBUG - Stored event champion_winrate with a trace id of a30abe0e-87c6-41dc-872a-4ca2a3f8a57c
2026-03-11 10:18:43,145 - basicLogger - DEBUG - Stored event champion_winrate with a trace id of 39a5c1e0-04ff-46da-96c4-2f47108ed7b5
2026-03-11 10:18:43,151 - basicLogger - DEBUG - Stored event champion_winrate with a trace id of 3ea79e33-f41a-43be-94df-3029f03211f0
2026-03-11 10:18:43,155 - basicLogger - DEBUG - Stored event champion_winrate with a trace id of c3b9454d-9a95-4878-8ebc-eff3a6a71707
2026-03-11 10:18:43,155 - basicLogger - DEBUG - Stored event champion_winrate with a trace id of aae7c1d9-1a0f-44db-a4b3-c51b28e3487e
2026-03-11 10:18:43,155 - basicLogger - DEBUG - Stored event champion_winrate with a trace id of 00f5c0db-b420-4dac-97d8-e0f747182ac9
2026-03-11 10:18:48,522 - basicLogger - DEBUG - Stored event champion_winrate with a trace id of c2e0670e-27fb-4852-8a57-a86f947e40c4
2026-03-11 10:18:48,528 - basicLogger - DEBUG - Stored event champion_winrate with a trace id of 5c9daa08-9b6e-4b35-9ace-952fed1eec37
2026-03-11 10:18:48,528 - basicLogger - DEBUG - Stored event champion_winrate with a trace id of 0b002a25-0cfe-4af2-a368-8649d8a50763
2026-03-11 10:18:49,143 - basicLogger - DEBUG - Stored event champion_winrate with a trace id of 076cbadf-9bee-4ced-89d7-9f4ccc879333
2026-03-11 10:18:49,162 - basicLogger - DEBUG - Stored event champion_winrate with a trace id of 8802d7fb-dab0-4dd1-afc7-da1fbfe3a920
2026-03-11 10:18:49,167 - basicLogger - DEBUG - Stored event champion_winrate with a trace id of 89fe4e45-9115-4e12-871e-e2fad10f9271
2026-03-11 10:18:49,167 - basicLogger - DEBUG - Stored event champion_winrate with a trace id of 6dd6c743-e474-4803-b0c5-2577ebc46d14
2026-03-11 10:18:49,171 - basicLogger - DEBUG - Stored event champion_winrate with a trace id of eb4c3bf6-a18a-49bb-a567-08cb942570cd
2026-03-11 10:18:49,205 - basicLogger - DEBUG - Stored event champion_winrate with a trace id of e425bbe4-7617-4bad-86b7-82cad45b371c
2026-03-11 10:18:49,214 - basicLogger - DEBUG - Stored event champion_winrate with a trace id of 56082545-847f-445e-8a10-54fce38f7d48
2026-03-11 10:18:54,191 - basicLogger - DEBUG - Stored event champion_winrate with a trace id of 9491fa75-6c12-4dca-9a98-ff36f51a3358
2026-03-11 10:18:54,256 - basicLogger - DEBUG - Stored event champion_winrate with a trace id of 431a461a-145d-45f3-943b-59bb874ae4ef
2026-03-11 10:18:54,352 - basicLogger - DEBUG - Stored event champion_winrate with a trace id of 394a8ef7-4bf1-4e44-acb2-c989e71e44ba
2026-03-11 10:18:55,140 - basicLogger - DEBUG - Stored event champion_winrate with a trace id of baf5b3f9-d453-410a-8f27-fde000e9554e
2026-03-11 10:18:55,141 - basicLogger - DEBUG - Stored event champion_winrate with a trace id of 3fa3526b-ff7a-42a7-a970-84f715091ba4
2026-03-11 10:18:55,141 - basicLogger - DEBUG - Stored event champion_winrate with a trace id of 9b9024d9-6123-4032-8b1b-a1dcbfbc20b9
2026-03-11 10:18:55,152 - basicLogger - DEBUG - Stored event champion_winrate with a trace id of 2f6cfa4d-6cea-48c0-94a8-c5e91c0da10e
2026-03-11 10:18:55,156 - basicLogger - DEBUG - Stored event champion_winrate with a trace id of 602a50b0-563f-4e2f-ac49-cb8649e17802
2026-03-11 10:18:55,164 - basicLogger - DEBUG - Stored event champion_winrate with a trace id of 1c3ddc32-09c1-4c54-b162-6bca23c40495
2026-03-11 10:18:55,168 - basicLogger - DEBUG - Stored event champion_winrate with a trace id of 002a9eb7-674b-40b9-ab91-65a48d1b1acd
2026-03-11 10:18:59,904 - basicLogger - DEBUG - Stored event champion_winrate with a trace id of 4511df2f-2f40-478e-9adf-78a9c884f4ac
2026-03-11 10:18:59,915 - basicLogger - DEBUG - Stored event champion_winrate with a trace id of ba664f61-a6c7-49ba-9969-44cc5f0b957c
2026-03-11 10:18:59,922 - basicLogger - DEBUG - Stored event champion_winrate with a trace id of 1f5629cc-9c53-4737-951d-94aef7dc3805
2026-03-11 10:19:01,058 - basicLogger - DEBUG - Stored event champion_winrate with a trace id of 13b83f96-b806-4884-8bb9-dece353fb717
2026-03-11 10:19:01,079 - basicLogger - DEBUG - Stored event champion_winrate with a trace id of f6ab3adb-b0ba-4199-82c1-0ccdcc09bd17
2026-03-11 10:19:01,082 - basicLogger - DEBUG - Stored event champion_winrate with a trace id of 8793a687-633c-444a-8533-31da91fa04c4
2026-03-11 10:19:01,096 - basicLogger - DEBUG - Stored event champion_winrate with a trace id of 144f6e8d-a6e5-49df-a06b-a0a6d3b55e6f
2026-03-11 10:19:01,101 - basicLogger - DEBUG - Stored event champion_winrate with a trace id of 6cd5e44d-4b56-4922-b255-f49ab21689c9
2026-03-11 10:19:01,108 - basicLogger - DEBUG - Stored event champion_winrate with a trace id of 9256e4b5-edfe-48ba-9f7d-cefc12cc9d3b
2026-03-11 10:19:01,113 - basicLogger - DEBUG - Stored event champion_winrate with a trace id of 3509403c-8643-4b71-aecc-6b35f2c24ee9
